<?xml version="1.0" encoding="UTF-8"?>
<!-- Generated by org.testng.reporters.JUnitReportReporter -->
<testsuite hostname="DESKTOP-NMEC699" failures="0" tests="1" name="com.testcases.BrokenLinks" time="68.127" errors="0" timestamp="2020-01-13T11:18:02 IST" skipped="0">
  <testcase classname="com.testcases.BrokenLinks" name="BrokenLinksTest" time="68.127"/>
</testsuite> <!-- com.testcases.BrokenLinks -->
