<?xml version="1.0" encoding="UTF-8"?>
<!-- Generated by org.testng.reporters.JUnitReportReporter -->
<testsuite hostname="DESKTOP-NMEC699" failures="0" tests="1" name="com.testcases.TestAlertPopups" time="5.165" errors="0" timestamp="2020-01-13T09:38:07 IST" skipped="0">
  <testcase classname="com.testcases.TestAlertPopups" name="HandleAlerts" time="5.165"/>
</testsuite> <!-- com.testcases.TestAlertPopups -->
