<?xml version="1.0" encoding="UTF-8"?>
<!-- Generated by org.testng.reporters.JUnitReportReporter -->
<testsuite hostname="DESKTOP-NMEC699" failures="0" tests="1" name="app_tc.TestAlertPopups" time="8.204" errors="0" timestamp="2020-01-14T10:01:59 IST" skipped="0">
  <testcase classname="app_tc.TestAlertPopups" name="HandleAlerts" time="8.204"/>
</testsuite> <!-- app_tc.TestAlertPopups -->
