<?xml version="1.0" encoding="UTF-8"?>
<!-- Generated by org.testng.reporters.JUnitReportReporter -->
<testsuite hostname="DESKTOP-NMEC699" failures="0" tests="1" name="com.testcases.TestAlertPopups" time="8.158" errors="0" timestamp="2020-01-13T11:04:22 IST" skipped="0">
  <testcase classname="com.testcases.TestAlertPopups" name="HandleAlerts" time="8.158"/>
</testsuite> <!-- com.testcases.TestAlertPopups -->
