<?xml version="1.0" encoding="UTF-8"?>
<!-- Generated by org.testng.reporters.JUnitReportReporter -->
<testsuite hostname="DESKTOP-NMEC699" failures="0" tests="5" name="com.testcases.TestNG_Priority_Annotations" time="0.014" errors="0" timestamp="2020-01-13T20:14:09 IST" skipped="0">
  <testcase classname="com.testcases.TestNG_Priority_Annotations" name="e_method" time="0.007"/>
  <testcase classname="com.testcases.TestNG_Priority_Annotations" name="a_method" time="0.002"/>
  <testcase classname="com.testcases.TestNG_Priority_Annotations" name="d_method" time="0.002"/>
  <testcase classname="com.testcases.TestNG_Priority_Annotations" name="c_method" time="0.002"/>
  <testcase classname="com.testcases.TestNG_Priority_Annotations" name="b_method" time="0.001"/>
</testsuite> <!-- com.testcases.TestNG_Priority_Annotations -->
